Using device: cpu
Starting with 10 Population:
[Arch(conv=2, acc=0.0000), Arch(conv=4, acc=0.0000), Arch(conv=3, acc=0.0000), Arch(conv=1, acc=0.0000), Arch(conv=4, acc=0.0000), Arch(conv=2, acc=0.0000), Arch(conv=2, acc=0.0000), Arch(conv=2, acc=0.0000), Arch(conv=1, acc=0.0000), Arch(conv=4, acc=0.0000)]


============================================================
Generation 1/5
============================================================
Evaluating architecture 1/10... Conv_Params: 15248 , FC_Params: 525706 , Penalty: 3.6952 , Accuracy: 0.1 , Fitness Score: 0.0630481 
Fitness: 0.0630, Accuracy: 0.1000
Evaluating architecture 2/10... Conv_Params: 247440 , FC_Params: 525706 , Penalty: 3.9274 , Accuracy: 0.2 , Fitness Score: 0.16072618 
Fitness: 0.1607, Accuracy: 0.2000
Evaluating architecture 3/10... Conv_Params: 224016 , FC_Params: 264970 , Penalty: 2.0788 , Accuracy: 0.2 , Fitness Score: 0.17921194000000001 
Fitness: 0.1792, Accuracy: 0.2000
Evaluating architecture 4/10... Conv_Params: 9472 , FC_Params: 8394250 , Penalty: 58.7692 , Accuracy: 0.4 , Fitness Score: -0.18769221999999997 
Fitness: -0.1877, Accuracy: 0.4000
Evaluating architecture 5/10... Conv_Params: 34160 , FC_Params: 525706 , Penalty: 3.7141 , Accuracy: 0.4 , Fitness Score: 0.36285898 
Fitness: 0.3629, Accuracy: 0.4000
Evaluating architecture 6/10... Conv_Params: 37888 , FC_Params: 8391434 , Penalty: 58.7779 , Accuracy: 0.4 , Fitness Score: -0.18777926 
Fitness: -0.1878, Accuracy: 0.4000
Evaluating architecture 7/10... Conv_Params: 109856 , FC_Params: 1049994 , Penalty: 7.4598 , Accuracy: 0.3 , Fitness Score: 0.22540186 
Fitness: 0.2254, Accuracy: 0.3000
Evaluating architecture 8/10... Conv_Params: 27936 , FC_Params: 1049994 , Penalty: 7.3779 , Accuracy: 0.4 , Fitness Score: 0.32622106 
Fitness: 0.3262, Accuracy: 0.4000
Evaluating architecture 9/10... Conv_Params: 4864 , FC_Params: 1049290 , Penalty: 7.3499 , Accuracy: 0.2 , Fitness Score: 0.12650106 
Fitness: 0.1265, Accuracy: 0.2000
Evaluating architecture 10/10... Conv_Params: 58224 , FC_Params: 525706 , Penalty: 3.7382 , Accuracy: 0.2 , Fitness Score: 0.16261834 
Fitness: 0.1626, Accuracy: 0.2000

Sorting population in terms of fitness score (high -> low) ...
Best in generation: Arch(conv=4, acc=0.4000)

Best overall: Arch(conv=4, acc=0.4000)

Performing tournament selection of total population: 10 ...
Performing Crossover & Mutation ...
Elitism: Keeping top 2 architectures in next generation.
Next Generation: [Arch(conv=4, acc=0.4000), Arch(conv=2, acc=0.4000), Arch(conv=4, acc=0.0000), Arch(conv=4, acc=0.4000), Arch(conv=2, acc=0.0000), Arch(conv=2, acc=0.0000), Arch(conv=1, acc=0.0000), Arch(conv=4, acc=0.0000), Arch(conv=4, acc=0.0000), Arch(conv=4, acc=0.0000)]

============================================================
Generation 2/5
============================================================
Evaluating architecture 1/10... Conv_Params: 34160 , FC_Params: 525706 , Penalty: 3.7141 , Accuracy: 0.3 , Fitness Score: 0.26285897999999996 
Fitness: 0.2629, Accuracy: 0.3000
Evaluating architecture 2/10... Conv_Params: 27936 , FC_Params: 1049994 , Penalty: 7.3779 , Accuracy: 0.1 , Fitness Score: 0.026221060000000004 
Fitness: 0.0262, Accuracy: 0.1000
Evaluating architecture 3/10... Conv_Params: 275104 , FC_Params: 525706 , Penalty: 3.9550 , Accuracy: 0.2 , Fitness Score: 0.16044954 
Fitness: 0.1604, Accuracy: 0.2000
Evaluating architecture 4/10... Conv_Params: 34160 , FC_Params: 525706 , Penalty: 3.7141 , Accuracy: 0.2 , Fitness Score: 0.16285898000000001 
Fitness: 0.1629, Accuracy: 0.2000
Evaluating architecture 5/10... Conv_Params: 15248 , FC_Params: 525706 , Penalty: 3.6952 , Accuracy: 0.4 , Fitness Score: 0.36304810000000004 
Fitness: 0.3630, Accuracy: 0.4000
Evaluating architecture 6/10... Conv_Params: 15248 , FC_Params: 525706 , Penalty: 3.6952 , Accuracy: 0.3 , Fitness Score: 0.2630481 
Fitness: 0.2630, Accuracy: 0.3000
Evaluating architecture 7/10... Conv_Params: 18944 , FC_Params: 4195722 , Penalty: 29.3890 , Accuracy: 0.3 , Fitness Score: 0.006110019999999994 
Fitness: 0.0061, Accuracy: 0.3000
Evaluating architecture 8/10... Conv_Params: 494560 , FC_Params: 262858 , Penalty: 2.3346 , Accuracy: 0.4 , Fitness Score: 0.37665434000000003 
Fitness: 0.3767, Accuracy: 0.4000
Evaluating architecture 9/10... Conv_Params: 247440 , FC_Params: 525706 , Penalty: 3.9274 , Accuracy: 0.3 , Fitness Score: 0.26072618 
Fitness: 0.2607, Accuracy: 0.3000
Evaluating architecture 10/10... Conv_Params: 209568 , FC_Params: 525706 , Penalty: 3.8895 , Accuracy: 0.2 , Fitness Score: 0.1611049 
Fitness: 0.1611, Accuracy: 0.2000

Sorting population in terms of fitness score (high -> low) ...
Best in generation: Arch(conv=4, acc=0.4000)

Best overall: Arch(conv=4, acc=0.4000)

Performing tournament selection of total population: 10 ...
Performing Crossover & Mutation ...
Elitism: Keeping top 2 architectures in next generation.
Next Generation: [Arch(conv=4, acc=0.4000), Arch(conv=2, acc=0.4000), Arch(conv=2, acc=0.4000), Arch(conv=2, acc=0.0000), Arch(conv=2, acc=0.0000), Arch(conv=4, acc=0.0000), Arch(conv=4, acc=0.0000), Arch(conv=4, acc=0.0000), Arch(conv=3, acc=0.0000), Arch(conv=2, acc=0.3000)]

============================================================
Generation 3/5
============================================================
Evaluating architecture 1/10... Conv_Params: 494560 , FC_Params: 262858 , Penalty: 2.3346 , Accuracy: 0.1 , Fitness Score: 0.07665434 
Fitness: 0.0767, Accuracy: 0.1000
Evaluating architecture 2/10... Conv_Params: 15248 , FC_Params: 525706 , Penalty: 3.6952 , Accuracy: 0.2 , Fitness Score: 0.1630481 
Fitness: 0.1630, Accuracy: 0.2000
Evaluating architecture 3/10... Conv_Params: 15248 , FC_Params: 525706 , Penalty: 3.6952 , Accuracy: 0.1 , Fitness Score: 0.0630481 
Fitness: 0.0630, Accuracy: 0.1000
Evaluating architecture 4/10... Conv_Params: 121376 , FC_Params: 1049994 , Penalty: 7.4713 , Accuracy: 0.2 , Fitness Score: 0.12528666 
Fitness: 0.1253, Accuracy: 0.2000
Evaluating architecture 5/10... Conv_Params: 121376 , FC_Params: 1049994 , Penalty: 7.4713 , Accuracy: 0.2 , Fitness Score: 0.12528666 
Fitness: 0.1253, Accuracy: 0.2000
Evaluating architecture 6/10... Conv_Params: 442448 , FC_Params: 1049994 , Penalty: 7.7924 , Accuracy: 0.2 , Fitness Score: 0.12207594000000001 
Fitness: 0.1221, Accuracy: 0.2000
Evaluating architecture 7/10... Conv_Params: 275104 , FC_Params: 525706 , Penalty: 3.9550 , Accuracy: 0.3 , Fitness Score: 0.26044954 
Fitness: 0.2604, Accuracy: 0.3000
Evaluating architecture 8/10... Conv_Params: 34160 , FC_Params: 2102794 , Penalty: 14.7537 , Accuracy: 0.3 , Fitness Score: 0.15246282 
Fitness: 0.1525, Accuracy: 0.3000
Evaluating architecture 9/10... Conv_Params: 172640 , FC_Params: 525706 , Penalty: 3.8526 , Accuracy: 0.3 , Fitness Score: 0.26147418 
Fitness: 0.2615, Accuracy: 0.3000
Evaluating architecture 10/10... Conv_Params: 15248 , FC_Params: 525706 , Penalty: 3.6952 , Accuracy: 0.1 , Fitness Score: 0.0630481 
Fitness: 0.0630, Accuracy: 0.1000

Sorting population in terms of fitness score (high -> low) ...
Best in generation: Arch(conv=3, acc=0.3000)

Best overall: Arch(conv=4, acc=0.4000)

Performing tournament selection of total population: 10 ...
Performing Crossover & Mutation ...
Elitism: Keeping top 2 architectures in next generation.
Next Generation: [Arch(conv=3, acc=0.3000), Arch(conv=4, acc=0.3000), Arch(conv=2, acc=0.0000), Arch(conv=2, acc=0.0000), Arch(conv=3, acc=0.0000), Arch(conv=4, acc=0.0000), Arch(conv=2, acc=0.0000), Arch(conv=3, acc=0.0000), Arch(conv=2, acc=0.0000), Arch(conv=3, acc=0.0000)]

============================================================
Generation 4/5
============================================================
Evaluating architecture 1/10... Conv_Params: 172640 , FC_Params: 525706 , Penalty: 3.8526 , Accuracy: 0.2 , Fitness Score: 0.16147418000000002 
Fitness: 0.1615, Accuracy: 0.2000
Evaluating architecture 2/10... Conv_Params: 275104 , FC_Params: 525706 , Penalty: 3.9550 , Accuracy: 0.3 , Fitness Score: 0.26044954 
Fitness: 0.2604, Accuracy: 0.3000
Evaluating architecture 3/10... Conv_Params: 15248 , FC_Params: 525706 , Penalty: 3.6952 , Accuracy: 0.3 , Fitness Score: 0.2630481 
Fitness: 0.2630, Accuracy: 0.3000
Evaluating architecture 4/10... Conv_Params: 121376 , FC_Params: 1049994 , Penalty: 7.4713 , Accuracy: 0.2 , Fitness Score: 0.12528666 
Fitness: 0.1253, Accuracy: 0.2000
Evaluating architecture 5/10... Conv_Params: 172640 , FC_Params: 525706 , Penalty: 3.8526 , Accuracy: 0.2 , Fitness Score: 0.16147418000000002 
Fitness: 0.1615, Accuracy: 0.2000
Evaluating architecture 6/10... Conv_Params: 275104 , FC_Params: 525706 , Penalty: 3.9550 , Accuracy: 0.2 , Fitness Score: 0.16044954 
Fitness: 0.1604, Accuracy: 0.2000
Evaluating architecture 7/10... Conv_Params: 15248 , FC_Params: 525706 , Penalty: 3.6952 , Accuracy: 0.3 , Fitness Score: 0.2630481 
Fitness: 0.2630, Accuracy: 0.3000
Evaluating architecture 8/10... Conv_Params: 172640 , FC_Params: 525706 , Penalty: 3.8526 , Accuracy: 0.3 , Fitness Score: 0.26147418 
Fitness: 0.2615, Accuracy: 0.3000
Evaluating architecture 9/10... Conv_Params: 15248 , FC_Params: 525706 , Penalty: 3.6952 , Accuracy: 0.3 , Fitness Score: 0.2630481 
Fitness: 0.2630, Accuracy: 0.3000
Evaluating architecture 10/10... Conv_Params: 172640 , FC_Params: 525706 , Penalty: 3.8526 , Accuracy: 0.3 , Fitness Score: 0.26147418 
Fitness: 0.2615, Accuracy: 0.3000

Sorting population in terms of fitness score (high -> low) ...
Best in generation: Arch(conv=2, acc=0.3000)

Best overall: Arch(conv=4, acc=0.4000)

Performing tournament selection of total population: 10 ...
Performing Crossover & Mutation ...
Elitism: Keeping top 2 architectures in next generation.
Next Generation: [Arch(conv=2, acc=0.3000), Arch(conv=2, acc=0.3000), Arch(conv=2, acc=0.2000), Arch(conv=2, acc=0.2000), Arch(conv=2, acc=0.0000), Arch(conv=3, acc=0.0000), Arch(conv=2, acc=0.2000), Arch(conv=4, acc=0.0000), Arch(conv=3, acc=0.0000), Arch(conv=2, acc=0.0000)]

============================================================
Generation 5/5
============================================================
Evaluating architecture 1/10... Conv_Params: 15248 , FC_Params: 525706 , Penalty: 3.6952 , Accuracy: 0.1 , Fitness Score: 0.0630481 
Fitness: 0.0630, Accuracy: 0.1000
Evaluating architecture 2/10... Conv_Params: 15248 , FC_Params: 525706 , Penalty: 3.6952 , Accuracy: 0.4 , Fitness Score: 0.36304810000000004 
Fitness: 0.3630, Accuracy: 0.4000
Evaluating architecture 3/10... Conv_Params: 121376 , FC_Params: 1049994 , Penalty: 7.4713 , Accuracy: 0.3 , Fitness Score: 0.22528665999999997 
Fitness: 0.2253, Accuracy: 0.3000
Evaluating architecture 4/10... Conv_Params: 121376 , FC_Params: 1049994 , Penalty: 7.4713 , Accuracy: 0.2 , Fitness Score: 0.12528666 
Fitness: 0.1253, Accuracy: 0.2000
Evaluating architecture 5/10... Conv_Params: 121376 , FC_Params: 1049994 , Penalty: 7.4713 , Accuracy: 0.3 , Fitness Score: 0.22528665999999997 
Fitness: 0.2253, Accuracy: 0.3000
Evaluating architecture 6/10... Conv_Params: 172640 , FC_Params: 525706 , Penalty: 3.8526 , Accuracy: 0.2 , Fitness Score: 0.16147418000000002 
Fitness: 0.1615, Accuracy: 0.2000
Evaluating architecture 7/10... Conv_Params: 121376 , FC_Params: 1049994 , Penalty: 7.4713 , Accuracy: 0.3 , Fitness Score: 0.22528665999999997 
Fitness: 0.2253, Accuracy: 0.3000
Evaluating architecture 8/10... Conv_Params: 181872 , FC_Params: 132490 , Penalty: 1.1093 , Accuracy: 0.3 , Fitness Score: 0.28890698 
Fitness: 0.2889, Accuracy: 0.3000
Evaluating architecture 9/10... Conv_Params: 158368 , FC_Params: 1049994 , Penalty: 7.5083 , Accuracy: 0.2 , Fitness Score: 0.12491674000000001 
Fitness: 0.1249, Accuracy: 0.2000
Evaluating architecture 10/10... Conv_Params: 121376 , FC_Params: 1049994 , Penalty: 7.4713 , Accuracy: 0.2 , Fitness Score: 0.12528666 
Fitness: 0.1253, Accuracy: 0.2000

Sorting population in terms of fitness score (high -> low) ...
Best in generation: Arch(conv=2, acc=0.4000)

Best overall: Arch(conv=4, acc=0.4000)

Performing tournament selection of total population: 10 ...
Performing Crossover & Mutation ...
Elitism: Keeping top 2 architectures in next generation.
Next Generation: [Arch(conv=2, acc=0.4000), Arch(conv=4, acc=0.3000), Arch(conv=2, acc=0.0000), Arch(conv=4, acc=0.0000), Arch(conv=4, acc=0.0000), Arch(conv=2, acc=0.0000), Arch(conv=2, acc=0.0000), Arch(conv=3, acc=0.0000), Arch(conv=3, acc=0.0000), Arch(conv=2, acc=0.0000)]

============================================================
FINAL BEST ARCHITECTURE
============================================================
Genes: {'num_conv': 4, 'conv_configs': [{'filters': 64, 'kernel_size': 5}, {'filters': 128, 'kernel_size': 7}, {'filters': 32, 'kernel_size': 3}, {'filters': 64, 'kernel_size': 5}], 'pool_type': 'max', 'activation': 'relu', 'fc_units': 64}
Accuracy: 0.4000
Fitness: 0.3767

Total parameters: 757,994

Model architecture:
CNN(
  (features): Sequential(
    (0): Conv2d(3, 64, kernel_size=(5, 5), stride=(1, 1), padding=(2, 2))
    (1): BatchNorm2d(64, eps=1e-05, momentum=0.1, affine=True, track_running_stats=True)
    (2): ReLU(inplace=True)
    (3): Conv2d(64, 128, kernel_size=(7, 7), stride=(1, 1), padding=(3, 3))
    (4): BatchNorm2d(128, eps=1e-05, momentum=0.1, affine=True, track_running_stats=True)
    (5): ReLU(inplace=True)
    (6): MaxPool2d(kernel_size=2, stride=2, padding=0, dilation=1, ceil_mode=False)
    (7): Conv2d(128, 32, kernel_size=(3, 3), stride=(1, 1), padding=(1, 1))
    (8): BatchNorm2d(32, eps=1e-05, momentum=0.1, affine=True, track_running_stats=True)
    (9): ReLU(inplace=True)
    (10): Conv2d(32, 64, kernel_size=(5, 5), stride=(1, 1), padding=(2, 2))
    (11): BatchNorm2d(64, eps=1e-05, momentum=0.1, affine=True, track_running_stats=True)
    (12): ReLU(inplace=True)
    (13): MaxPool2d(kernel_size=2, stride=2, padding=0, dilation=1, ceil_mode=False)
  )
  (classifier): Sequential(
    (0): Flatten(start_dim=1, end_dim=-1)
    (1): Linear(in_features=4096, out_features=64, bias=True)
    (2): ReLU(inplace=True)
    (3): Dropout(p=0.5, inplace=False)
    (4): Linear(in_features=64, out_features=10, bias=True)
  )
)
